
> @syntropy/learn@0.1.0 build /home/jescott/syntropy-cc/syntropy-platform/apps/learn
> next build

  ▲ Next.js 14.2.18

   Creating an optimized production build ...
 ✓ Compiled successfully
   Linting and checking validity of types ...
   Collecting page data ...
   Generating static pages (0/5) ...
   Generating static pages (1/5) 
   Generating static pages (2/5) 
   Generating static pages (3/5) 
 ✓ Generating static pages (5/5)
   Finalizing page optimization ...
   Collecting build traces ...

Route (app)                              Size     First Load JS
┌ ○ /                                    137 B          87.2 kB
├ ○ /_not-found                          870 B          87.9 kB
├ ƒ /learn                               181 B          94.1 kB
├ ƒ /learn/careers/[careerId]            181 B          94.1 kB
├ ƒ /learn/courses/[id]                  181 B          94.1 kB
└ ƒ /learn/fragments/[id]                181 B          94.1 kB
+ First Load JS shared by all            87.1 kB
  ├ chunks/47c975b3-7617960daa4b47a9.js  53.6 kB
  ├ chunks/81-7230daac740fe1a0.js        31.6 kB
  └ other shared chunks (total)          1.84 kB


○  (Static)   prerendered as static content
ƒ  (Dynamic)  server-rendered on demand

