
> @syntropy/hub@0.1.0 build /home/jescott/syntropy-cc/syntropy-platform/apps/hub
> next build

  ▲ Next.js 14.2.18

   Creating an optimized production build ...
 ✓ Compiled successfully
   Linting and checking validity of types ...
   Collecting page data ...
   Generating static pages (0/6) ...
   Generating static pages (1/6) 
   Generating static pages (2/6) 
   Generating static pages (4/6) 
 ✓ Generating static pages (6/6)
   Finalizing page optimization ...
   Collecting build traces ...

Route (app)                              Size     First Load JS
┌ ○ /                                    321 B           162 kB
├ ○ /_not-found                          870 B            88 kB
├ ○ /hub                                 184 B          94.1 kB
├ ƒ /hub/contribute/[id]                 321 B           162 kB
├ ƒ /hub/contribute/[id]/editor          846 B           162 kB
├ ƒ /hub/institutions/[id]               184 B          94.1 kB
└ ○ /hub/issues                          184 B          94.1 kB
+ First Load JS shared by all            87.1 kB
  ├ chunks/47c975b3-7617960daa4b47a9.js  53.6 kB
  ├ chunks/81-7230daac740fe1a0.js        31.6 kB
  └ other shared chunks (total)          1.88 kB


○  (Static)   prerendered as static content
ƒ  (Dynamic)  server-rendered on demand

